-------------------------------------------------------------------------------
Test set: tqsIntegration.AddressResolverIT
-------------------------------------------------------------------------------
Tests run: 1, Failures: 0, Errors: 1, Skipped: 0, Time elapsed: 1.242 s <<< FAILURE! - in tqsIntegration.AddressResolverIT
testFindAddressForLocation  Time elapsed: 1.237 s  <<< ERROR!
java.lang.IndexOutOfBoundsException: Index 0 out of bounds for length 0
	at tqsIntegration.AddressResolverIT.testFindAddressForLocation(AddressResolverIT.java:43)

