-------------------------------------------------------------------------------
Test set: euromillions.DipTest
-------------------------------------------------------------------------------
Tests run: 3, Failures: 1, Errors: 0, Skipped: 0, Time elapsed: 0.002 s <<< FAILURE! - in euromillions.DipTest
testNewStars  Time elapsed: 0 s  <<< FAILURE!
org.opentest4j.AssertionFailedError: Expected java.lang.IllegalArgumentException to be thrown, but nothing was thrown.
	at euromillions.DipTest.testNewStars(DipTest.java:66)

