-------------------------------------------------------------------------------
Test set: sets.SetOfNaturalsTest
-------------------------------------------------------------------------------
Tests run: 5, Failures: 1, Errors: 0, Skipped: 0, Time elapsed: 0.156 s <<< FAILURE! - in sets.SetOfNaturalsTest
testIntersectForIntersection  Time elapsed: 0.028 s  <<< FAILURE!
org.opentest4j.AssertionFailedError: expected: <true> but was: <false>
	at sets.SetOfNaturalsTest.testIntersectForIntersection(SetOfNaturalsTest.java:75)

