<?xml version="1.0" encoding="UTF-8"?>
<testsuite xmlns:xsi="http://www.w3.org/2001/XMLSchema-instance" xsi:noNamespaceSchemaLocation="https://maven.apache.org/surefire/maven-surefire-plugin/xsd/surefire-test-report.xsd" name="CucumberTest" time="18.298" tests="3" errors="1" skipped="0" failures="0">
  <properties>
[...]
</properties>
  <testcase name="Choose departure and destination" classname="tqs.CucumberTest" time="5.772"/>
  <testcase name="Choose airline" classname="tqs.CucumberTest" time="4.366"/>
  <testcase name="Purchase flight" classname="tqs.CucumberTest" time="8.05">
    <error message="The step &apos;I should be redireted to &quot;https://blazedemo.com/confirmation.php&quot;&apos; is undefined.&#10;You can implement this step using the snippet(s) below:&#10;&#10;@Then(&quot;I should be redireted to {string}&quot;)&#10;public void i_should_be_redireted_to(String string) {&#10;    // Write code here that turns the phrase above into concrete actions&#10;    throw new io.cucumber.java.PendingException();&#10;}&#10;" type="io.cucumber.junit.platform.engine.UndefinedStepException">io.cucumber.junit.platform.engine.UndefinedStepException: 
The step 'I should be redireted to "https://blazedemo.com/confirmation.php"' is undefined.
You can implement this step using the snippet(s) below:

@Then("I should be redireted to {string}")
public void i_should_be_redireted_to(String string) {
    // Write code here that turns the phrase above into concrete actions
    throw new io.cucumber.java.PendingException();
}

</error>
    <system-out><![CDATA[17:26:04.529 [AsyncHttpClient-1-1] DEBUG org.asynchttpclient.netty.channel.DefaultChannelPool - Entry count for : http://localhost:40525 : 1
17:26:04.529 [AsyncHttpClient-1-1] DEBUG org.asynchttpclient.netty.channel.DefaultChannelPool - Entry count for : http://localhost:58583 : 1
17:26:04.615 [AsyncHttpClient-1-6] DEBUG org.asynchttpclient.netty.channel.NettyConnectListener - Using new Channel '[id: 0x1b659b0c, L:/127.0.0.1:53746 - R:localhost/127.0.0.1:57005]' for 'POST' to '/session'
17:26:05.629 [AsyncHttpClient-1-1] DEBUG org.asynchttpclient.netty.channel.DefaultChannelPool - Entry count for : http://localhost:40525 : 1
17:26:05.629 [AsyncHttpClient-1-1] DEBUG org.asynchttpclient.netty.channel.DefaultChannelPool - Entry count for : http://localhost:58583 : 1
17:26:06.729 [AsyncHttpClient-1-1] DEBUG org.asynchttpclient.netty.channel.DefaultChannelPool - Entry count for : http://localhost:40525 : 1
17:26:06.729 [AsyncHttpClient-1-1] DEBUG org.asynchttpclient.netty.channel.DefaultChannelPool - Entry count for : http://localhost:58583 : 1
17:26:07.296 [AsyncHttpClient-1-6] DEBUG org.asynchttpclient.netty.handler.HttpHandler - 

Request DefaultHttpRequest(decodeResult: success, version: HTTP/1.1)
POST /session HTTP/1.1
User-Agent: selenium/4.1.2 (java unix)
Content-Length: 381
Content-Type: application/json; charset=utf-8
host: localhost:57005
accept: */*

Response DefaultHttpResponse(decodeResult: success, version: HTTP/1.1)
HTTP/1.1 200 OK
content-type: application/json; charset=utf-8
cache-control: no-cache
date: Thu, 07 Apr 2022 16:26:04 GMT
content-length: 737

17:26:07.296 [AsyncHttpClient-1-6] DEBUG org.asynchttpclient.netty.channel.ChannelManager - Adding key: http://localhost:57005 for channel [id: 0x1b659b0c, L:/127.0.0.1:53746 - R:localhost/127.0.0.1:57005]
17:26:07.304 [AsyncHttpClient-1-7] DEBUG org.asynchttpclient.netty.channel.NettyConnectListener - Using new Channel '[id: 0xa0bb2741, L:/127.0.0.1:50762 - R:localhost/127.0.0.1:40882]' for 'GET' to '/json/version'
17:26:07.327 [AsyncHttpClient-1-7] DEBUG org.asynchttpclient.netty.handler.HttpHandler - 

Request DefaultFullHttpRequest(decodeResult: success, version: HTTP/1.1, content: EmptyByteBufBE)
GET /json/version HTTP/1.1
User-Agent: selenium/4.1.2 (java unix)
host: localhost:40882
accept: */*

Response DefaultHttpResponse(decodeResult: success, version: HTTP/1.1)
HTTP/1.1 200 OK
content-type: application/json
connection: close
server: httpd.js
date: Thu, 07 Apr 2022 16:26:07 GMT
content-length: 304

17:26:07.328 [AsyncHttpClient-1-7] DEBUG org.asynchttpclient.netty.channel.ChannelManager - Closing Channel [id: 0xa0bb2741, L:/127.0.0.1:50762 - R:localhost/127.0.0.1:40882] 
17:26:07.328 [AsyncHttpClient-1-7] DEBUG org.asynchttpclient.netty.handler.HttpHandler - Channel Closed: [id: 0xa0bb2741, L:/127.0.0.1:50762 ! R:localhost/127.0.0.1:40882] with attribute DISCARD
17:26:07.331 [Forwarding get on session fc3e14c8-864e-4485-8eb4-a2d69624e9f6 to remote] DEBUG org.asynchttpclient.netty.request.NettyRequestSender - Using pooled Channel '[id: 0x1b659b0c, L:/127.0.0.1:53746 - R:localhost/127.0.0.1:57005]' for 'POST' to 'http://localhost:57005/session/fc3e14c8-864e-4485-8eb4-a2d69624e9f6/url'
17:26:07.331 [Forwarding get on session fc3e14c8-864e-4485-8eb4-a2d69624e9f6 to remote] DEBUG org.asynchttpclient.netty.request.NettyRequestSender - Using open Channel [id: 0x1b659b0c, L:/127.0.0.1:53746 - R:localhost/127.0.0.1:57005] for POST '/session/fc3e14c8-864e-4485-8eb4-a2d69624e9f6/url'
17:26:07.829 [AsyncHttpClient-1-1] DEBUG org.asynchttpclient.netty.channel.DefaultChannelPool - Entry count for : http://localhost:40525 : 1
17:26:07.829 [AsyncHttpClient-1-1] DEBUG org.asynchttpclient.netty.channel.DefaultChannelPool - Entry count for : http://localhost:58583 : 1
17:26:08.297 [AsyncHttpClient-1-6] DEBUG org.asynchttpclient.netty.handler.HttpHandler - 

Request DefaultHttpRequest(decodeResult: success, version: HTTP/1.1)
POST /session/fc3e14c8-864e-4485-8eb4-a2d69624e9f6/url HTTP/1.1
User-Agent: selenium/4.1.2 (java unix)
Content-Length: 64
Content-Type: application/json; charset=utf-8
host: localhost:57005
accept: */*

Response DefaultHttpResponse(decodeResult: success, version: HTTP/1.1)
HTTP/1.1 200 OK
content-type: application/json; charset=utf-8
cache-control: no-cache
date: Thu, 07 Apr 2022 16:26:07 GMT
content-length: 14

17:26:08.298 [AsyncHttpClient-1-6] DEBUG org.asynchttpclient.netty.channel.ChannelManager - Adding key: http://localhost:57005 for channel [id: 0x1b659b0c, L:/127.0.0.1:53746 - R:localhost/127.0.0.1:57005]
17:26:08.300 [Forwarding findElement on session fc3e14c8-864e-4485-8eb4-a2d69624e9f6 to remote] DEBUG org.asynchttpclient.netty.request.NettyRequestSender - Using pooled Channel '[id: 0x1b659b0c, L:/127.0.0.1:53746 - R:localhost/127.0.0.1:57005]' for 'POST' to 'http://localhost:57005/session/fc3e14c8-864e-4485-8eb4-a2d69624e9f6/element'
17:26:08.300 [Forwarding findElement on session fc3e14c8-864e-4485-8eb4-a2d69624e9f6 to remote] DEBUG org.asynchttpclient.netty.request.NettyRequestSender - Using open Channel [id: 0x1b659b0c, L:/127.0.0.1:53746 - R:localhost/127.0.0.1:57005] for POST '/session/fc3e14c8-864e-4485-8eb4-a2d69624e9f6/element'
17:26:08.314 [AsyncHttpClient-1-6] DEBUG org.asynchttpclient.netty.handler.HttpHandler - 

Request DefaultHttpRequest(decodeResult: success, version: HTTP/1.1)
POST /session/fc3e14c8-864e-4485-8eb4-a2d69624e9f6/element HTTP/1.1
User-Agent: selenium/4.1.2 (java unix)
Content-Length: 54
Content-Type: application/json; charset=utf-8
host: localhost:57005
accept: */*

Response DefaultHttpResponse(decodeResult: success, version: HTTP/1.1)
HTTP/1.1 200 OK
content-type: application/json; charset=utf-8
cache-control: no-cache
date: Thu, 07 Apr 2022 16:26:08 GMT
content-length: 88

17:26:08.314 [AsyncHttpClient-1-6] DEBUG org.asynchttpclient.netty.channel.ChannelManager - Adding key: http://localhost:57005 for channel [id: 0x1b659b0c, L:/127.0.0.1:53746 - R:localhost/127.0.0.1:57005]
17:26:08.317 [Forwarding clickElement on session fc3e14c8-864e-4485-8eb4-a2d69624e9f6 to remote] DEBUG org.asynchttpclient.netty.request.NettyRequestSender - Using pooled Channel '[id: 0x1b659b0c, L:/127.0.0.1:53746 - R:localhost/127.0.0.1:57005]' for 'POST' to 'http://localhost:57005/session/fc3e14c8-864e-4485-8eb4-a2d69624e9f6/element/fd2f7d34-432d-4751-878d-5a6211611159/click'
17:26:08.317 [Forwarding clickElement on session fc3e14c8-864e-4485-8eb4-a2d69624e9f6 to remote] DEBUG org.asynchttpclient.netty.request.NettyRequestSender - Using open Channel [id: 0x1b659b0c, L:/127.0.0.1:53746 - R:localhost/127.0.0.1:57005] for POST '/session/fc3e14c8-864e-4485-8eb4-a2d69624e9f6/element/fd2f7d34-432d-4751-878d-5a6211611159/click'
17:26:08.539 [AsyncHttpClient-1-6] DEBUG org.asynchttpclient.netty.handler.HttpHandler - 

Request DefaultHttpRequest(decodeResult: success, version: HTTP/1.1)
POST /session/fc3e14c8-864e-4485-8eb4-a2d69624e9f6/element/fd2f7d34-432d-4751-878d-5a6211611159/click HTTP/1.1
User-Agent: selenium/4.1.2 (java unix)
Content-Length: 50
Content-Type: application/json; charset=utf-8
host: localhost:57005
accept: */*

Response DefaultHttpResponse(decodeResult: success, version: HTTP/1.1)
HTTP/1.1 200 OK
content-type: application/json; charset=utf-8
cache-control: no-cache
date: Thu, 07 Apr 2022 16:26:08 GMT
content-length: 14

17:26:08.540 [AsyncHttpClient-1-6] DEBUG org.asynchttpclient.netty.channel.ChannelManager - Adding key: http://localhost:57005 for channel [id: 0x1b659b0c, L:/127.0.0.1:53746 - R:localhost/127.0.0.1:57005]
17:26:08.546 [Forwarding findElement on session fc3e14c8-864e-4485-8eb4-a2d69624e9f6 to remote] DEBUG org.asynchttpclient.netty.request.NettyRequestSender - Using pooled Channel '[id: 0x1b659b0c, L:/127.0.0.1:53746 - R:localhost/127.0.0.1:57005]' for 'POST' to 'http://localhost:57005/session/fc3e14c8-864e-4485-8eb4-a2d69624e9f6/element'
17:26:08.546 [Forwarding findElement on session fc3e14c8-864e-4485-8eb4-a2d69624e9f6 to remote] DEBUG org.asynchttpclient.netty.request.NettyRequestSender - Using open Channel [id: 0x1b659b0c, L:/127.0.0.1:53746 - R:localhost/127.0.0.1:57005] for POST '/session/fc3e14c8-864e-4485-8eb4-a2d69624e9f6/element'
17:26:08.556 [AsyncHttpClient-1-6] DEBUG org.asynchttpclient.netty.handler.HttpHandler - 

Request DefaultHttpRequest(decodeResult: success, version: HTTP/1.1)
POST /session/fc3e14c8-864e-4485-8eb4-a2d69624e9f6/element HTTP/1.1
User-Agent: selenium/4.1.2 (java unix)
Content-Length: 54
Content-Type: application/json; charset=utf-8
host: localhost:57005
accept: */*

Response DefaultHttpResponse(decodeResult: success, version: HTTP/1.1)
HTTP/1.1 200 OK
content-type: application/json; charset=utf-8
cache-control: no-cache
date: Thu, 07 Apr 2022 16:26:08 GMT
content-length: 88

17:26:08.557 [AsyncHttpClient-1-6] DEBUG org.asynchttpclient.netty.channel.ChannelManager - Adding key: http://localhost:57005 for channel [id: 0x1b659b0c, L:/127.0.0.1:53746 - R:localhost/127.0.0.1:57005]
17:26:08.567 [Forwarding sendKeysToElement on session fc3e14c8-864e-4485-8eb4-a2d69624e9f6 to remote] DEBUG org.asynchttpclient.netty.request.NettyRequestSender - Using pooled Channel '[id: 0x1b659b0c, L:/127.0.0.1:53746 - R:localhost/127.0.0.1:57005]' for 'POST' to 'http://localhost:57005/session/fc3e14c8-864e-4485-8eb4-a2d69624e9f6/element/fd2f7d34-432d-4751-878d-5a6211611159/value'
17:26:08.567 [Forwarding sendKeysToElement on session fc3e14c8-864e-4485-8eb4-a2d69624e9f6 to remote] DEBUG org.asynchttpclient.netty.request.NettyRequestSender - Using open Channel [id: 0x1b659b0c, L:/127.0.0.1:53746 - R:localhost/127.0.0.1:57005] for POST '/session/fc3e14c8-864e-4485-8eb4-a2d69624e9f6/element/fd2f7d34-432d-4751-878d-5a6211611159/value'
17:26:08.601 [AsyncHttpClient-1-6] DEBUG org.asynchttpclient.netty.handler.HttpHandler - 

Request DefaultHttpRequest(decodeResult: success, version: HTTP/1.1)
POST /session/fc3e14c8-864e-4485-8eb4-a2d69624e9f6/element/fd2f7d34-432d-4751-878d-5a6211611159/value HTTP/1.1
User-Agent: selenium/4.1.2 (java unix)
Content-Length: 111
Content-Type: application/json; charset=utf-8
host: localhost:57005
accept: */*

Response DefaultHttpResponse(decodeResult: success, version: HTTP/1.1)
HTTP/1.1 200 OK
content-type: application/json; charset=utf-8
cache-control: no-cache
date: Thu, 07 Apr 2022 16:26:08 GMT
content-length: 14

17:26:08.602 [AsyncHttpClient-1-6] DEBUG org.asynchttpclient.netty.channel.ChannelManager - Adding key: http://localhost:57005 for channel [id: 0x1b659b0c, L:/127.0.0.1:53746 - R:localhost/127.0.0.1:57005]
17:26:08.607 [Forwarding findElement on session fc3e14c8-864e-4485-8eb4-a2d69624e9f6 to remote] DEBUG org.asynchttpclient.netty.request.NettyRequestSender - Using pooled Channel '[id: 0x1b659b0c, L:/127.0.0.1:53746 - R:localhost/127.0.0.1:57005]' for 'POST' to 'http://localhost:57005/session/fc3e14c8-864e-4485-8eb4-a2d69624e9f6/element'
17:26:08.607 [Forwarding findElement on session fc3e14c8-864e-4485-8eb4-a2d69624e9f6 to remote] DEBUG org.asynchttpclient.netty.request.NettyRequestSender - Using open Channel [id: 0x1b659b0c, L:/127.0.0.1:53746 - R:localhost/127.0.0.1:57005] for POST '/session/fc3e14c8-864e-4485-8eb4-a2d69624e9f6/element'
17:26:08.615 [AsyncHttpClient-1-6] DEBUG org.asynchttpclient.netty.handler.HttpHandler - 

Request DefaultHttpRequest(decodeResult: success, version: HTTP/1.1)
POST /session/fc3e14c8-864e-4485-8eb4-a2d69624e9f6/element HTTP/1.1
User-Agent: selenium/4.1.2 (java unix)
Content-Length: 52
Content-Type: application/json; charset=utf-8
host: localhost:57005
accept: */*

Response DefaultHttpResponse(decodeResult: success, version: HTTP/1.1)
HTTP/1.1 200 OK
content-type: application/json; charset=utf-8
cache-control: no-cache
date: Thu, 07 Apr 2022 16:26:08 GMT
content-length: 88

17:26:08.616 [AsyncHttpClient-1-6] DEBUG org.asynchttpclient.netty.channel.ChannelManager - Adding key: http://localhost:57005 for channel [id: 0x1b659b0c, L:/127.0.0.1:53746 - R:localhost/127.0.0.1:57005]
17:26:08.621 [Forwarding clickElement on session fc3e14c8-864e-4485-8eb4-a2d69624e9f6 to remote] DEBUG org.asynchttpclient.netty.request.NettyRequestSender - Using pooled Channel '[id: 0x1b659b0c, L:/127.0.0.1:53746 - R:localhost/127.0.0.1:57005]' for 'POST' to 'http://localhost:57005/session/fc3e14c8-864e-4485-8eb4-a2d69624e9f6/element/c826ad51-b9f5-4c0c-92a2-fe134d829f80/click'
17:26:08.621 [Forwarding clickElement on session fc3e14c8-864e-4485-8eb4-a2d69624e9f6 to remote] DEBUG org.asynchttpclient.netty.request.NettyRequestSender - Using open Channel [id: 0x1b659b0c, L:/127.0.0.1:53746 - R:localhost/127.0.0.1:57005] for POST '/session/fc3e14c8-864e-4485-8eb4-a2d69624e9f6/element/c826ad51-b9f5-4c0c-92a2-fe134d829f80/click'
17:26:08.836 [AsyncHttpClient-1-6] DEBUG org.asynchttpclient.netty.handler.HttpHandler - 

Request DefaultHttpRequest(decodeResult: success, version: HTTP/1.1)
POST /session/fc3e14c8-864e-4485-8eb4-a2d69624e9f6/element/c826ad51-b9f5-4c0c-92a2-fe134d829f80/click HTTP/1.1
User-Agent: selenium/4.1.2 (java unix)
Content-Length: 50
Content-Type: application/json; charset=utf-8
host: localhost:57005
accept: */*

Response DefaultHttpResponse(decodeResult: success, version: HTTP/1.1)
HTTP/1.1 200 OK
content-type: application/json; charset=utf-8
cache-control: no-cache
date: Thu, 07 Apr 2022 16:26:08 GMT
content-length: 14

17:26:08.837 [AsyncHttpClient-1-6] DEBUG org.asynchttpclient.netty.channel.ChannelManager - Adding key: http://localhost:57005 for channel [id: 0x1b659b0c, L:/127.0.0.1:53746 - R:localhost/127.0.0.1:57005]
17:26:08.843 [Forwarding findElement on session fc3e14c8-864e-4485-8eb4-a2d69624e9f6 to remote] DEBUG org.asynchttpclient.netty.request.NettyRequestSender - Using pooled Channel '[id: 0x1b659b0c, L:/127.0.0.1:53746 - R:localhost/127.0.0.1:57005]' for 'POST' to 'http://localhost:57005/session/fc3e14c8-864e-4485-8eb4-a2d69624e9f6/element'
17:26:08.844 [Forwarding findElement on session fc3e14c8-864e-4485-8eb4-a2d69624e9f6 to remote] DEBUG org.asynchttpclient.netty.request.NettyRequestSender - Using open Channel [id: 0x1b659b0c, L:/127.0.0.1:53746 - R:localhost/127.0.0.1:57005] for POST '/session/fc3e14c8-864e-4485-8eb4-a2d69624e9f6/element'
17:26:08.853 [AsyncHttpClient-1-6] DEBUG org.asynchttpclient.netty.handler.HttpHandler - 

Request DefaultHttpRequest(decodeResult: success, version: HTTP/1.1)
POST /session/fc3e14c8-864e-4485-8eb4-a2d69624e9f6/element HTTP/1.1
User-Agent: selenium/4.1.2 (java unix)
Content-Length: 52
Content-Type: application/json; charset=utf-8
host: localhost:57005
accept: */*

Response DefaultHttpResponse(decodeResult: success, version: HTTP/1.1)
HTTP/1.1 200 OK
content-type: application/json; charset=utf-8
cache-control: no-cache
date: Thu, 07 Apr 2022 16:26:08 GMT
content-length: 88

17:26:08.853 [AsyncHttpClient-1-6] DEBUG org.asynchttpclient.netty.channel.ChannelManager - Adding key: http://localhost:57005 for channel [id: 0x1b659b0c, L:/127.0.0.1:53746 - R:localhost/127.0.0.1:57005]
17:26:08.860 [Forwarding sendKeysToElement on session fc3e14c8-864e-4485-8eb4-a2d69624e9f6 to remote] DEBUG org.asynchttpclient.netty.request.NettyRequestSender - Using pooled Channel '[id: 0x1b659b0c, L:/127.0.0.1:53746 - R:localhost/127.0.0.1:57005]' for 'POST' to 'http://localhost:57005/session/fc3e14c8-864e-4485-8eb4-a2d69624e9f6/element/c826ad51-b9f5-4c0c-92a2-fe134d829f80/value'
17:26:08.861 [Forwarding sendKeysToElement on session fc3e14c8-864e-4485-8eb4-a2d69624e9f6 to remote] DEBUG org.asynchttpclient.netty.request.NettyRequestSender - Using open Channel [id: 0x1b659b0c, L:/127.0.0.1:53746 - R:localhost/127.0.0.1:57005] for POST '/session/fc3e14c8-864e-4485-8eb4-a2d69624e9f6/element/c826ad51-b9f5-4c0c-92a2-fe134d829f80/value'
17:26:08.901 [AsyncHttpClient-1-6] DEBUG org.asynchttpclient.netty.handler.HttpHandler - 

Request DefaultHttpRequest(decodeResult: success, version: HTTP/1.1)
POST /session/fc3e14c8-864e-4485-8eb4-a2d69624e9f6/element/c826ad51-b9f5-4c0c-92a2-fe134d829f80/value HTTP/1.1
User-Agent: selenium/4.1.2 (java unix)
Content-Length: 181
Content-Type: application/json; charset=utf-8
host: localhost:57005
accept: */*

Response DefaultHttpResponse(decodeResult: success, version: HTTP/1.1)
HTTP/1.1 200 OK
content-type: application/json; charset=utf-8
cache-control: no-cache
date: Thu, 07 Apr 2022 16:26:08 GMT
content-length: 14

17:26:08.902 [AsyncHttpClient-1-6] DEBUG org.asynchttpclient.netty.channel.ChannelManager - Adding key: http://localhost:57005 for channel [id: 0x1b659b0c, L:/127.0.0.1:53746 - R:localhost/127.0.0.1:57005]
17:26:08.907 [Forwarding findElement on session fc3e14c8-864e-4485-8eb4-a2d69624e9f6 to remote] DEBUG org.asynchttpclient.netty.request.NettyRequestSender - Using pooled Channel '[id: 0x1b659b0c, L:/127.0.0.1:53746 - R:localhost/127.0.0.1:57005]' for 'POST' to 'http://localhost:57005/session/fc3e14c8-864e-4485-8eb4-a2d69624e9f6/element'
17:26:08.907 [Forwarding findElement on session fc3e14c8-864e-4485-8eb4-a2d69624e9f6 to remote] DEBUG org.asynchttpclient.netty.request.NettyRequestSender - Using open Channel [id: 0x1b659b0c, L:/127.0.0.1:53746 - R:localhost/127.0.0.1:57005] for POST '/session/fc3e14c8-864e-4485-8eb4-a2d69624e9f6/element'
17:26:08.920 [AsyncHttpClient-1-6] DEBUG org.asynchttpclient.netty.handler.HttpHandler - 

Request DefaultHttpRequest(decodeResult: success, version: HTTP/1.1)
POST /session/fc3e14c8-864e-4485-8eb4-a2d69624e9f6/element HTTP/1.1
User-Agent: selenium/4.1.2 (java unix)
Content-Length: 49
Content-Type: application/json; charset=utf-8
host: localhost:57005
accept: */*

Response DefaultHttpResponse(decodeResult: success, version: HTTP/1.1)
HTTP/1.1 200 OK
content-type: application/json; charset=utf-8
cache-control: no-cache
date: Thu, 07 Apr 2022 16:26:08 GMT
content-length: 88

17:26:08.921 [AsyncHttpClient-1-6] DEBUG org.asynchttpclient.netty.channel.ChannelManager - Adding key: http://localhost:57005 for channel [id: 0x1b659b0c, L:/127.0.0.1:53746 - R:localhost/127.0.0.1:57005]
17:26:08.928 [Forwarding clickElement on session fc3e14c8-864e-4485-8eb4-a2d69624e9f6 to remote] DEBUG org.asynchttpclient.netty.request.NettyRequestSender - Using pooled Channel '[id: 0x1b659b0c, L:/127.0.0.1:53746 - R:localhost/127.0.0.1:57005]' for 'POST' to 'http://localhost:57005/session/fc3e14c8-864e-4485-8eb4-a2d69624e9f6/element/d1e134ee-2324-433c-b465-8068e4cb39bc/click'
17:26:08.928 [Forwarding clickElement on session fc3e14c8-864e-4485-8eb4-a2d69624e9f6 to remote] DEBUG org.asynchttpclient.netty.request.NettyRequestSender - Using open Channel [id: 0x1b659b0c, L:/127.0.0.1:53746 - R:localhost/127.0.0.1:57005] for POST '/session/fc3e14c8-864e-4485-8eb4-a2d69624e9f6/element/d1e134ee-2324-433c-b465-8068e4cb39bc/click'
17:26:08.929 [AsyncHttpClient-1-1] DEBUG org.asynchttpclient.netty.channel.DefaultChannelPool - Entry count for : http://localhost:40525 : 1
17:26:08.929 [AsyncHttpClient-1-1] DEBUG org.asynchttpclient.netty.channel.DefaultChannelPool - Entry count for : http://localhost:58583 : 1
17:26:09.154 [AsyncHttpClient-1-6] DEBUG org.asynchttpclient.netty.handler.HttpHandler - 

Request DefaultHttpRequest(decodeResult: success, version: HTTP/1.1)
POST /session/fc3e14c8-864e-4485-8eb4-a2d69624e9f6/element/d1e134ee-2324-433c-b465-8068e4cb39bc/click HTTP/1.1
User-Agent: selenium/4.1.2 (java unix)
Content-Length: 50
Content-Type: application/json; charset=utf-8
host: localhost:57005
accept: */*

Response DefaultHttpResponse(decodeResult: success, version: HTTP/1.1)
HTTP/1.1 200 OK
content-type: application/json; charset=utf-8
cache-control: no-cache
date: Thu, 07 Apr 2022 16:26:08 GMT
content-length: 14

17:26:09.155 [AsyncHttpClient-1-6] DEBUG org.asynchttpclient.netty.channel.ChannelManager - Adding key: http://localhost:57005 for channel [id: 0x1b659b0c, L:/127.0.0.1:53746 - R:localhost/127.0.0.1:57005]
17:26:09.160 [Forwarding findElement on session fc3e14c8-864e-4485-8eb4-a2d69624e9f6 to remote] DEBUG org.asynchttpclient.netty.request.NettyRequestSender - Using pooled Channel '[id: 0x1b659b0c, L:/127.0.0.1:53746 - R:localhost/127.0.0.1:57005]' for 'POST' to 'http://localhost:57005/session/fc3e14c8-864e-4485-8eb4-a2d69624e9f6/element'
17:26:09.160 [Forwarding findElement on session fc3e14c8-864e-4485-8eb4-a2d69624e9f6 to remote] DEBUG org.asynchttpclient.netty.request.NettyRequestSender - Using open Channel [id: 0x1b659b0c, L:/127.0.0.1:53746 - R:localhost/127.0.0.1:57005] for POST '/session/fc3e14c8-864e-4485-8eb4-a2d69624e9f6/element'
17:26:09.169 [AsyncHttpClient-1-6] DEBUG org.asynchttpclient.netty.handler.HttpHandler - 

Request DefaultHttpRequest(decodeResult: success, version: HTTP/1.1)
POST /session/fc3e14c8-864e-4485-8eb4-a2d69624e9f6/element HTTP/1.1
User-Agent: selenium/4.1.2 (java unix)
Content-Length: 49
Content-Type: application/json; charset=utf-8
host: localhost:57005
accept: */*

Response DefaultHttpResponse(decodeResult: success, version: HTTP/1.1)
HTTP/1.1 200 OK
content-type: application/json; charset=utf-8
cache-control: no-cache
date: Thu, 07 Apr 2022 16:26:09 GMT
content-length: 88

17:26:09.170 [AsyncHttpClient-1-6] DEBUG org.asynchttpclient.netty.channel.ChannelManager - Adding key: http://localhost:57005 for channel [id: 0x1b659b0c, L:/127.0.0.1:53746 - R:localhost/127.0.0.1:57005]
17:26:09.175 [Forwarding sendKeysToElement on session fc3e14c8-864e-4485-8eb4-a2d69624e9f6 to remote] DEBUG org.asynchttpclient.netty.request.NettyRequestSender - Using pooled Channel '[id: 0x1b659b0c, L:/127.0.0.1:53746 - R:localhost/127.0.0.1:57005]' for 'POST' to 'http://localhost:57005/session/fc3e14c8-864e-4485-8eb4-a2d69624e9f6/element/d1e134ee-2324-433c-b465-8068e4cb39bc/value'
17:26:09.176 [Forwarding sendKeysToElement on session fc3e14c8-864e-4485-8eb4-a2d69624e9f6 to remote] DEBUG org.asynchttpclient.netty.request.NettyRequestSender - Using open Channel [id: 0x1b659b0c, L:/127.0.0.1:53746 - R:localhost/127.0.0.1:57005] for POST '/session/fc3e14c8-864e-4485-8eb4-a2d69624e9f6/element/d1e134ee-2324-433c-b465-8068e4cb39bc/value'
17:26:09.195 [AsyncHttpClient-1-6] DEBUG org.asynchttpclient.netty.handler.HttpHandler - 

Request DefaultHttpRequest(decodeResult: success, version: HTTP/1.1)
POST /session/fc3e14c8-864e-4485-8eb4-a2d69624e9f6/element/d1e134ee-2324-433c-b465-8068e4cb39bc/value HTTP/1.1
User-Agent: selenium/4.1.2 (java unix)
Content-Length: 121
Content-Type: application/json; charset=utf-8
host: localhost:57005
accept: */*

Response DefaultHttpResponse(decodeResult: success, version: HTTP/1.1)
HTTP/1.1 200 OK
content-type: application/json; charset=utf-8
cache-control: no-cache
date: Thu, 07 Apr 2022 16:26:09 GMT
content-length: 14

17:26:09.196 [AsyncHttpClient-1-6] DEBUG org.asynchttpclient.netty.channel.ChannelManager - Adding key: http://localhost:57005 for channel [id: 0x1b659b0c, L:/127.0.0.1:53746 - R:localhost/127.0.0.1:57005]
17:26:09.200 [Forwarding findElement on session fc3e14c8-864e-4485-8eb4-a2d69624e9f6 to remote] DEBUG org.asynchttpclient.netty.request.NettyRequestSender - Using pooled Channel '[id: 0x1b659b0c, L:/127.0.0.1:53746 - R:localhost/127.0.0.1:57005]' for 'POST' to 'http://localhost:57005/session/fc3e14c8-864e-4485-8eb4-a2d69624e9f6/element'
17:26:09.201 [Forwarding findElement on session fc3e14c8-864e-4485-8eb4-a2d69624e9f6 to remote] DEBUG org.asynchttpclient.netty.request.NettyRequestSender - Using open Channel [id: 0x1b659b0c, L:/127.0.0.1:53746 - R:localhost/127.0.0.1:57005] for POST '/session/fc3e14c8-864e-4485-8eb4-a2d69624e9f6/element'
17:26:09.210 [AsyncHttpClient-1-6] DEBUG org.asynchttpclient.netty.handler.HttpHandler - 

Request DefaultHttpRequest(decodeResult: success, version: HTTP/1.1)
POST /session/fc3e14c8-864e-4485-8eb4-a2d69624e9f6/element HTTP/1.1
User-Agent: selenium/4.1.2 (java unix)
Content-Length: 50
Content-Type: application/json; charset=utf-8
host: localhost:57005
accept: */*

Response DefaultHttpResponse(decodeResult: success, version: HTTP/1.1)
HTTP/1.1 200 OK
content-type: application/json; charset=utf-8
cache-control: no-cache
date: Thu, 07 Apr 2022 16:26:09 GMT
content-length: 88

17:26:09.210 [AsyncHttpClient-1-6] DEBUG org.asynchttpclient.netty.channel.ChannelManager - Adding key: http://localhost:57005 for channel [id: 0x1b659b0c, L:/127.0.0.1:53746 - R:localhost/127.0.0.1:57005]
17:26:09.215 [Forwarding clickElement on session fc3e14c8-864e-4485-8eb4-a2d69624e9f6 to remote] DEBUG org.asynchttpclient.netty.request.NettyRequestSender - Using pooled Channel '[id: 0x1b659b0c, L:/127.0.0.1:53746 - R:localhost/127.0.0.1:57005]' for 'POST' to 'http://localhost:57005/session/fc3e14c8-864e-4485-8eb4-a2d69624e9f6/element/75020738-465e-4ee4-b89c-1b07436d1e04/click'
17:26:09.216 [Forwarding clickElement on session fc3e14c8-864e-4485-8eb4-a2d69624e9f6 to remote] DEBUG org.asynchttpclient.netty.request.NettyRequestSender - Using open Channel [id: 0x1b659b0c, L:/127.0.0.1:53746 - R:localhost/127.0.0.1:57005] for POST '/session/fc3e14c8-864e-4485-8eb4-a2d69624e9f6/element/75020738-465e-4ee4-b89c-1b07436d1e04/click'
17:26:09.441 [AsyncHttpClient-1-6] DEBUG org.asynchttpclient.netty.handler.HttpHandler - 

Request DefaultHttpRequest(decodeResult: success, version: HTTP/1.1)
POST /session/fc3e14c8-864e-4485-8eb4-a2d69624e9f6/element/75020738-465e-4ee4-b89c-1b07436d1e04/click HTTP/1.1
User-Agent: selenium/4.1.2 (java unix)
Content-Length: 50
Content-Type: application/json; charset=utf-8
host: localhost:57005
accept: */*

Response DefaultHttpResponse(decodeResult: success, version: HTTP/1.1)
HTTP/1.1 200 OK
content-type: application/json; charset=utf-8
cache-control: no-cache
date: Thu, 07 Apr 2022 16:26:09 GMT
content-length: 14

17:26:09.442 [AsyncHttpClient-1-6] DEBUG org.asynchttpclient.netty.channel.ChannelManager - Adding key: http://localhost:57005 for channel [id: 0x1b659b0c, L:/127.0.0.1:53746 - R:localhost/127.0.0.1:57005]
17:26:09.446 [Forwarding findElement on session fc3e14c8-864e-4485-8eb4-a2d69624e9f6 to remote] DEBUG org.asynchttpclient.netty.request.NettyRequestSender - Using pooled Channel '[id: 0x1b659b0c, L:/127.0.0.1:53746 - R:localhost/127.0.0.1:57005]' for 'POST' to 'http://localhost:57005/session/fc3e14c8-864e-4485-8eb4-a2d69624e9f6/element'
17:26:09.446 [Forwarding findElement on session fc3e14c8-864e-4485-8eb4-a2d69624e9f6 to remote] DEBUG org.asynchttpclient.netty.request.NettyRequestSender - Using open Channel [id: 0x1b659b0c, L:/127.0.0.1:53746 - R:localhost/127.0.0.1:57005] for POST '/session/fc3e14c8-864e-4485-8eb4-a2d69624e9f6/element'
17:26:09.454 [AsyncHttpClient-1-6] DEBUG org.asynchttpclient.netty.handler.HttpHandler - 

Request DefaultHttpRequest(decodeResult: success, version: HTTP/1.1)
POST /session/fc3e14c8-864e-4485-8eb4-a2d69624e9f6/element HTTP/1.1
User-Agent: selenium/4.1.2 (java unix)
Content-Length: 50
Content-Type: application/json; charset=utf-8
host: localhost:57005
accept: */*

Response DefaultHttpResponse(decodeResult: success, version: HTTP/1.1)
HTTP/1.1 200 OK
content-type: application/json; charset=utf-8
cache-control: no-cache
date: Thu, 07 Apr 2022 16:26:09 GMT
content-length: 88

17:26:09.455 [AsyncHttpClient-1-6] DEBUG org.asynchttpclient.netty.channel.ChannelManager - Adding key: http://localhost:57005 for channel [id: 0x1b659b0c, L:/127.0.0.1:53746 - R:localhost/127.0.0.1:57005]
17:26:09.462 [Forwarding sendKeysToElement on session fc3e14c8-864e-4485-8eb4-a2d69624e9f6 to remote] DEBUG org.asynchttpclient.netty.request.NettyRequestSender - Using pooled Channel '[id: 0x1b659b0c, L:/127.0.0.1:53746 - R:localhost/127.0.0.1:57005]' for 'POST' to 'http://localhost:57005/session/fc3e14c8-864e-4485-8eb4-a2d69624e9f6/element/75020738-465e-4ee4-b89c-1b07436d1e04/value'
17:26:09.462 [Forwarding sendKeysToElement on session fc3e14c8-864e-4485-8eb4-a2d69624e9f6 to remote] DEBUG org.asynchttpclient.netty.request.NettyRequestSender - Using open Channel [id: 0x1b659b0c, L:/127.0.0.1:53746 - R:localhost/127.0.0.1:57005] for POST '/session/fc3e14c8-864e-4485-8eb4-a2d69624e9f6/element/75020738-465e-4ee4-b89c-1b07436d1e04/value'
17:26:09.481 [AsyncHttpClient-1-6] DEBUG org.asynchttpclient.netty.handler.HttpHandler - 

Request DefaultHttpRequest(decodeResult: success, version: HTTP/1.1)
POST /session/fc3e14c8-864e-4485-8eb4-a2d69624e9f6/element/75020738-465e-4ee4-b89c-1b07436d1e04/value HTTP/1.1
User-Agent: selenium/4.1.2 (java unix)
Content-Length: 131
Content-Type: application/json; charset=utf-8
host: localhost:57005
accept: */*

Response DefaultHttpResponse(decodeResult: success, version: HTTP/1.1)
HTTP/1.1 200 OK
content-type: application/json; charset=utf-8
cache-control: no-cache
date: Thu, 07 Apr 2022 16:26:09 GMT
content-length: 14

17:26:09.481 [AsyncHttpClient-1-6] DEBUG org.asynchttpclient.netty.channel.ChannelManager - Adding key: http://localhost:57005 for channel [id: 0x1b659b0c, L:/127.0.0.1:53746 - R:localhost/127.0.0.1:57005]
17:26:09.487 [Forwarding findElement on session fc3e14c8-864e-4485-8eb4-a2d69624e9f6 to remote] DEBUG org.asynchttpclient.netty.request.NettyRequestSender - Using pooled Channel '[id: 0x1b659b0c, L:/127.0.0.1:53746 - R:localhost/127.0.0.1:57005]' for 'POST' to 'http://localhost:57005/session/fc3e14c8-864e-4485-8eb4-a2d69624e9f6/element'
17:26:09.487 [Forwarding findElement on session fc3e14c8-864e-4485-8eb4-a2d69624e9f6 to remote] DEBUG org.asynchttpclient.netty.request.NettyRequestSender - Using open Channel [id: 0x1b659b0c, L:/127.0.0.1:53746 - R:localhost/127.0.0.1:57005] for POST '/session/fc3e14c8-864e-4485-8eb4-a2d69624e9f6/element'
17:26:09.495 [AsyncHttpClient-1-6] DEBUG org.asynchttpclient.netty.handler.HttpHandler - 

Request DefaultHttpRequest(decodeResult: success, version: HTTP/1.1)
POST /session/fc3e14c8-864e-4485-8eb4-a2d69624e9f6/element HTTP/1.1
User-Agent: selenium/4.1.2 (java unix)
Content-Length: 52
Content-Type: application/json; charset=utf-8
host: localhost:57005
accept: */*

Response DefaultHttpResponse(decodeResult: success, version: HTTP/1.1)
HTTP/1.1 200 OK
content-type: application/json; charset=utf-8
cache-control: no-cache
date: Thu, 07 Apr 2022 16:26:09 GMT
content-length: 88

17:26:09.496 [AsyncHttpClient-1-6] DEBUG org.asynchttpclient.netty.channel.ChannelManager - Adding key: http://localhost:57005 for channel [id: 0x1b659b0c, L:/127.0.0.1:53746 - R:localhost/127.0.0.1:57005]
17:26:09.500 [Forwarding clickElement on session fc3e14c8-864e-4485-8eb4-a2d69624e9f6 to remote] DEBUG org.asynchttpclient.netty.request.NettyRequestSender - Using pooled Channel '[id: 0x1b659b0c, L:/127.0.0.1:53746 - R:localhost/127.0.0.1:57005]' for 'POST' to 'http://localhost:57005/session/fc3e14c8-864e-4485-8eb4-a2d69624e9f6/element/3ee32ada-6dd1-493d-9c9d-d5a75225884c/click'
17:26:09.500 [Forwarding clickElement on session fc3e14c8-864e-4485-8eb4-a2d69624e9f6 to remote] DEBUG org.asynchttpclient.netty.request.NettyRequestSender - Using open Channel [id: 0x1b659b0c, L:/127.0.0.1:53746 - R:localhost/127.0.0.1:57005] for POST '/session/fc3e14c8-864e-4485-8eb4-a2d69624e9f6/element/3ee32ada-6dd1-493d-9c9d-d5a75225884c/click'
17:26:09.728 [AsyncHttpClient-1-6] DEBUG org.asynchttpclient.netty.handler.HttpHandler - 

Request DefaultHttpRequest(decodeResult: success, version: HTTP/1.1)
POST /session/fc3e14c8-864e-4485-8eb4-a2d69624e9f6/element/3ee32ada-6dd1-493d-9c9d-d5a75225884c/click HTTP/1.1
User-Agent: selenium/4.1.2 (java unix)
Content-Length: 50
Content-Type: application/json; charset=utf-8
host: localhost:57005
accept: */*

Response DefaultHttpResponse(decodeResult: success, version: HTTP/1.1)
HTTP/1.1 200 OK
content-type: application/json; charset=utf-8
cache-control: no-cache
date: Thu, 07 Apr 2022 16:26:09 GMT
content-length: 14

17:26:09.728 [AsyncHttpClient-1-6] DEBUG org.asynchttpclient.netty.channel.ChannelManager - Adding key: http://localhost:57005 for channel [id: 0x1b659b0c, L:/127.0.0.1:53746 - R:localhost/127.0.0.1:57005]
17:26:09.733 [Forwarding findElement on session fc3e14c8-864e-4485-8eb4-a2d69624e9f6 to remote] DEBUG org.asynchttpclient.netty.request.NettyRequestSender - Using pooled Channel '[id: 0x1b659b0c, L:/127.0.0.1:53746 - R:localhost/127.0.0.1:57005]' for 'POST' to 'http://localhost:57005/session/fc3e14c8-864e-4485-8eb4-a2d69624e9f6/element'
17:26:09.734 [Forwarding findElement on session fc3e14c8-864e-4485-8eb4-a2d69624e9f6 to remote] DEBUG org.asynchttpclient.netty.request.NettyRequestSender - Using open Channel [id: 0x1b659b0c, L:/127.0.0.1:53746 - R:localhost/127.0.0.1:57005] for POST '/session/fc3e14c8-864e-4485-8eb4-a2d69624e9f6/element'
17:26:09.742 [AsyncHttpClient-1-6] DEBUG org.asynchttpclient.netty.handler.HttpHandler - 

Request DefaultHttpRequest(decodeResult: success, version: HTTP/1.1)
POST /session/fc3e14c8-864e-4485-8eb4-a2d69624e9f6/element HTTP/1.1
User-Agent: selenium/4.1.2 (java unix)
Content-Length: 52
Content-Type: application/json; charset=utf-8
host: localhost:57005
accept: */*

Response DefaultHttpResponse(decodeResult: success, version: HTTP/1.1)
HTTP/1.1 200 OK
content-type: application/json; charset=utf-8
cache-control: no-cache
date: Thu, 07 Apr 2022 16:26:09 GMT
content-length: 88

17:26:09.743 [AsyncHttpClient-1-6] DEBUG org.asynchttpclient.netty.channel.ChannelManager - Adding key: http://localhost:57005 for channel [id: 0x1b659b0c, L:/127.0.0.1:53746 - R:localhost/127.0.0.1:57005]
17:26:09.750 [Forwarding sendKeysToElement on session fc3e14c8-864e-4485-8eb4-a2d69624e9f6 to remote] DEBUG org.asynchttpclient.netty.request.NettyRequestSender - Using pooled Channel '[id: 0x1b659b0c, L:/127.0.0.1:53746 - R:localhost/127.0.0.1:57005]' for 'POST' to 'http://localhost:57005/session/fc3e14c8-864e-4485-8eb4-a2d69624e9f6/element/3ee32ada-6dd1-493d-9c9d-d5a75225884c/value'
17:26:09.750 [Forwarding sendKeysToElement on session fc3e14c8-864e-4485-8eb4-a2d69624e9f6 to remote] DEBUG org.asynchttpclient.netty.request.NettyRequestSender - Using open Channel [id: 0x1b659b0c, L:/127.0.0.1:53746 - R:localhost/127.0.0.1:57005] for POST '/session/fc3e14c8-864e-4485-8eb4-a2d69624e9f6/element/3ee32ada-6dd1-493d-9c9d-d5a75225884c/value'
17:26:09.768 [AsyncHttpClient-1-6] DEBUG org.asynchttpclient.netty.handler.HttpHandler - 

Request DefaultHttpRequest(decodeResult: success, version: HTTP/1.1)
POST /session/fc3e14c8-864e-4485-8eb4-a2d69624e9f6/element/3ee32ada-6dd1-493d-9c9d-d5a75225884c/value HTTP/1.1
User-Agent: selenium/4.1.2 (java unix)
Content-Length: 121
Content-Type: application/json; charset=utf-8
host: localhost:57005
accept: */*

Response DefaultHttpResponse(decodeResult: success, version: HTTP/1.1)
HTTP/1.1 200 OK
content-type: application/json; charset=utf-8
cache-control: no-cache
date: Thu, 07 Apr 2022 16:26:09 GMT
content-length: 14

17:26:09.769 [AsyncHttpClient-1-6] DEBUG org.asynchttpclient.netty.channel.ChannelManager - Adding key: http://localhost:57005 for channel [id: 0x1b659b0c, L:/127.0.0.1:53746 - R:localhost/127.0.0.1:57005]
17:26:09.774 [Forwarding findElement on session fc3e14c8-864e-4485-8eb4-a2d69624e9f6 to remote] DEBUG org.asynchttpclient.netty.request.NettyRequestSender - Using pooled Channel '[id: 0x1b659b0c, L:/127.0.0.1:53746 - R:localhost/127.0.0.1:57005]' for 'POST' to 'http://localhost:57005/session/fc3e14c8-864e-4485-8eb4-a2d69624e9f6/element'
17:26:09.774 [Forwarding findElement on session fc3e14c8-864e-4485-8eb4-a2d69624e9f6 to remote] DEBUG org.asynchttpclient.netty.request.NettyRequestSender - Using open Channel [id: 0x1b659b0c, L:/127.0.0.1:53746 - R:localhost/127.0.0.1:57005] for POST '/session/fc3e14c8-864e-4485-8eb4-a2d69624e9f6/element'
17:26:09.784 [AsyncHttpClient-1-6] DEBUG org.asynchttpclient.netty.handler.HttpHandler - 

Request DefaultHttpRequest(decodeResult: success, version: HTTP/1.1)
POST /session/fc3e14c8-864e-4485-8eb4-a2d69624e9f6/element HTTP/1.1
User-Agent: selenium/4.1.2 (java unix)
Content-Length: 53
Content-Type: application/json; charset=utf-8
host: localhost:57005
accept: */*

Response DefaultHttpResponse(decodeResult: success, version: HTTP/1.1)
HTTP/1.1 200 OK
content-type: application/json; charset=utf-8
cache-control: no-cache
date: Thu, 07 Apr 2022 16:26:09 GMT
content-length: 88

17:26:09.785 [AsyncHttpClient-1-6] DEBUG org.asynchttpclient.netty.channel.ChannelManager - Adding key: http://localhost:57005 for channel [id: 0x1b659b0c, L:/127.0.0.1:53746 - R:localhost/127.0.0.1:57005]
17:26:09.789 [Forwarding clickElement on session fc3e14c8-864e-4485-8eb4-a2d69624e9f6 to remote] DEBUG org.asynchttpclient.netty.request.NettyRequestSender - Using pooled Channel '[id: 0x1b659b0c, L:/127.0.0.1:53746 - R:localhost/127.0.0.1:57005]' for 'POST' to 'http://localhost:57005/session/fc3e14c8-864e-4485-8eb4-a2d69624e9f6/element/6bd7dec3-bf18-4ffa-9f8f-72c94dfee589/click'
17:26:09.789 [Forwarding clickElement on session fc3e14c8-864e-4485-8eb4-a2d69624e9f6 to remote] DEBUG org.asynchttpclient.netty.request.NettyRequestSender - Using open Channel [id: 0x1b659b0c, L:/127.0.0.1:53746 - R:localhost/127.0.0.1:57005] for POST '/session/fc3e14c8-864e-4485-8eb4-a2d69624e9f6/element/6bd7dec3-bf18-4ffa-9f8f-72c94dfee589/click'
17:26:10.028 [AsyncHttpClient-1-1] DEBUG org.asynchttpclient.netty.channel.DefaultChannelPool - Entry count for : http://localhost:40525 : 1
17:26:10.028 [AsyncHttpClient-1-1] DEBUG org.asynchttpclient.netty.channel.DefaultChannelPool - Entry count for : http://localhost:58583 : 1
17:26:10.235 [AsyncHttpClient-1-6] DEBUG org.asynchttpclient.netty.handler.HttpHandler - 

Request DefaultHttpRequest(decodeResult: success, version: HTTP/1.1)
POST /session/fc3e14c8-864e-4485-8eb4-a2d69624e9f6/element/6bd7dec3-bf18-4ffa-9f8f-72c94dfee589/click HTTP/1.1
User-Agent: selenium/4.1.2 (java unix)
Content-Length: 50
Content-Type: application/json; charset=utf-8
host: localhost:57005
accept: */*

Response DefaultHttpResponse(decodeResult: success, version: HTTP/1.1)
HTTP/1.1 200 OK
content-type: application/json; charset=utf-8
cache-control: no-cache
date: Thu, 07 Apr 2022 16:26:09 GMT
content-length: 14

17:26:10.235 [AsyncHttpClient-1-6] DEBUG org.asynchttpclient.netty.channel.ChannelManager - Adding key: http://localhost:57005 for channel [id: 0x1b659b0c, L:/127.0.0.1:53746 - R:localhost/127.0.0.1:57005]
17:26:10.236 [Forwarding findElement on session fc3e14c8-864e-4485-8eb4-a2d69624e9f6 to remote] DEBUG org.asynchttpclient.netty.request.NettyRequestSender - Using pooled Channel '[id: 0x1b659b0c, L:/127.0.0.1:53746 - R:localhost/127.0.0.1:57005]' for 'POST' to 'http://localhost:57005/session/fc3e14c8-864e-4485-8eb4-a2d69624e9f6/element'
17:26:10.236 [Forwarding findElement on session fc3e14c8-864e-4485-8eb4-a2d69624e9f6 to remote] DEBUG org.asynchttpclient.netty.request.NettyRequestSender - Using open Channel [id: 0x1b659b0c, L:/127.0.0.1:53746 - R:localhost/127.0.0.1:57005] for POST '/session/fc3e14c8-864e-4485-8eb4-a2d69624e9f6/element'
17:26:10.238 [AsyncHttpClient-1-6] DEBUG org.asynchttpclient.netty.handler.HttpHandler - 

Request DefaultHttpRequest(decodeResult: success, version: HTTP/1.1)
POST /session/fc3e14c8-864e-4485-8eb4-a2d69624e9f6/element HTTP/1.1
User-Agent: selenium/4.1.2 (java unix)
Content-Length: 63
Content-Type: application/json; charset=utf-8
host: localhost:57005
accept: */*

Response DefaultHttpResponse(decodeResult: success, version: HTTP/1.1)
HTTP/1.1 200 OK
content-type: application/json; charset=utf-8
cache-control: no-cache
date: Thu, 07 Apr 2022 16:26:10 GMT
content-length: 88

17:26:10.239 [AsyncHttpClient-1-6] DEBUG org.asynchttpclient.netty.channel.ChannelManager - Adding key: http://localhost:57005 for channel [id: 0x1b659b0c, L:/127.0.0.1:53746 - R:localhost/127.0.0.1:57005]
17:26:10.240 [Forwarding clickElement on session fc3e14c8-864e-4485-8eb4-a2d69624e9f6 to remote] DEBUG org.asynchttpclient.netty.request.NettyRequestSender - Using pooled Channel '[id: 0x1b659b0c, L:/127.0.0.1:53746 - R:localhost/127.0.0.1:57005]' for 'POST' to 'http://localhost:57005/session/fc3e14c8-864e-4485-8eb4-a2d69624e9f6/element/4ebc66a0-9569-44e4-b851-e2c895379c08/click'
17:26:10.240 [Forwarding clickElement on session fc3e14c8-864e-4485-8eb4-a2d69624e9f6 to remote] DEBUG org.asynchttpclient.netty.request.NettyRequestSender - Using open Channel [id: 0x1b659b0c, L:/127.0.0.1:53746 - R:localhost/127.0.0.1:57005] for POST '/session/fc3e14c8-864e-4485-8eb4-a2d69624e9f6/element/4ebc66a0-9569-44e4-b851-e2c895379c08/click'
17:26:10.447 [AsyncHttpClient-1-6] DEBUG org.asynchttpclient.netty.handler.HttpHandler - 

Request DefaultHttpRequest(decodeResult: success, version: HTTP/1.1)
POST /session/fc3e14c8-864e-4485-8eb4-a2d69624e9f6/element/4ebc66a0-9569-44e4-b851-e2c895379c08/click HTTP/1.1
User-Agent: selenium/4.1.2 (java unix)
Content-Length: 50
Content-Type: application/json; charset=utf-8
host: localhost:57005
accept: */*

Response DefaultHttpResponse(decodeResult: success, version: HTTP/1.1)
HTTP/1.1 200 OK
content-type: application/json; charset=utf-8
cache-control: no-cache
date: Thu, 07 Apr 2022 16:26:10 GMT
content-length: 14

17:26:10.448 [AsyncHttpClient-1-6] DEBUG org.asynchttpclient.netty.channel.ChannelManager - Adding key: http://localhost:57005 for channel [id: 0x1b659b0c, L:/127.0.0.1:53746 - R:localhost/127.0.0.1:57005]
17:26:10.453 [Forwarding findElement on session fc3e14c8-864e-4485-8eb4-a2d69624e9f6 to remote] DEBUG org.asynchttpclient.netty.request.NettyRequestSender - Using pooled Channel '[id: 0x1b659b0c, L:/127.0.0.1:53746 - R:localhost/127.0.0.1:57005]' for 'POST' to 'http://localhost:57005/session/fc3e14c8-864e-4485-8eb4-a2d69624e9f6/element'
17:26:10.453 [Forwarding findElement on session fc3e14c8-864e-4485-8eb4-a2d69624e9f6 to remote] DEBUG org.asynchttpclient.netty.request.NettyRequestSender - Using open Channel [id: 0x1b659b0c, L:/127.0.0.1:53746 - R:localhost/127.0.0.1:57005] for POST '/session/fc3e14c8-864e-4485-8eb4-a2d69624e9f6/element'
17:26:10.461 [AsyncHttpClient-1-6] DEBUG org.asynchttpclient.netty.handler.HttpHandler - 

Request DefaultHttpRequest(decodeResult: success, version: HTTP/1.1)
POST /session/fc3e14c8-864e-4485-8eb4-a2d69624e9f6/element HTTP/1.1
User-Agent: selenium/4.1.2 (java unix)
Content-Length: 61
Content-Type: application/json; charset=utf-8
host: localhost:57005
accept: */*

Response DefaultHttpResponse(decodeResult: success, version: HTTP/1.1)
HTTP/1.1 200 OK
content-type: application/json; charset=utf-8
cache-control: no-cache
date: Thu, 07 Apr 2022 16:26:10 GMT
content-length: 88

17:26:10.462 [AsyncHttpClient-1-6] DEBUG org.asynchttpclient.netty.channel.ChannelManager - Adding key: http://localhost:57005 for channel [id: 0x1b659b0c, L:/127.0.0.1:53746 - R:localhost/127.0.0.1:57005]
17:26:10.465 [Forwarding clickElement on session fc3e14c8-864e-4485-8eb4-a2d69624e9f6 to remote] DEBUG org.asynchttpclient.netty.request.NettyRequestSender - Using pooled Channel '[id: 0x1b659b0c, L:/127.0.0.1:53746 - R:localhost/127.0.0.1:57005]' for 'POST' to 'http://localhost:57005/session/fc3e14c8-864e-4485-8eb4-a2d69624e9f6/element/4495aab2-2d85-4824-97a7-e8dce7ce58f5/click'
17:26:10.466 [Forwarding clickElement on session fc3e14c8-864e-4485-8eb4-a2d69624e9f6 to remote] DEBUG org.asynchttpclient.netty.request.NettyRequestSender - Using open Channel [id: 0x1b659b0c, L:/127.0.0.1:53746 - R:localhost/127.0.0.1:57005] for POST '/session/fc3e14c8-864e-4485-8eb4-a2d69624e9f6/element/4495aab2-2d85-4824-97a7-e8dce7ce58f5/click'
17:26:10.690 [AsyncHttpClient-1-6] DEBUG org.asynchttpclient.netty.handler.HttpHandler - 

Request DefaultHttpRequest(decodeResult: success, version: HTTP/1.1)
POST /session/fc3e14c8-864e-4485-8eb4-a2d69624e9f6/element/4495aab2-2d85-4824-97a7-e8dce7ce58f5/click HTTP/1.1
User-Agent: selenium/4.1.2 (java unix)
Content-Length: 50
Content-Type: application/json; charset=utf-8
host: localhost:57005
accept: */*

Response DefaultHttpResponse(decodeResult: success, version: HTTP/1.1)
HTTP/1.1 200 OK
content-type: application/json; charset=utf-8
cache-control: no-cache
date: Thu, 07 Apr 2022 16:26:10 GMT
content-length: 14

17:26:10.691 [AsyncHttpClient-1-6] DEBUG org.asynchttpclient.netty.channel.ChannelManager - Adding key: http://localhost:57005 for channel [id: 0x1b659b0c, L:/127.0.0.1:53746 - R:localhost/127.0.0.1:57005]
17:26:10.696 [Forwarding findElement on session fc3e14c8-864e-4485-8eb4-a2d69624e9f6 to remote] DEBUG org.asynchttpclient.netty.request.NettyRequestSender - Using pooled Channel '[id: 0x1b659b0c, L:/127.0.0.1:53746 - R:localhost/127.0.0.1:57005]' for 'POST' to 'http://localhost:57005/session/fc3e14c8-864e-4485-8eb4-a2d69624e9f6/element'
17:26:10.696 [Forwarding findElement on session fc3e14c8-864e-4485-8eb4-a2d69624e9f6 to remote] DEBUG org.asynchttpclient.netty.request.NettyRequestSender - Using open Channel [id: 0x1b659b0c, L:/127.0.0.1:53746 - R:localhost/127.0.0.1:57005] for POST '/session/fc3e14c8-864e-4485-8eb4-a2d69624e9f6/element'
17:26:10.703 [AsyncHttpClient-1-6] DEBUG org.asynchttpclient.netty.handler.HttpHandler - 

Request DefaultHttpRequest(decodeResult: success, version: HTTP/1.1)
POST /session/fc3e14c8-864e-4485-8eb4-a2d69624e9f6/element HTTP/1.1
User-Agent: selenium/4.1.2 (java unix)
Content-Length: 61
Content-Type: application/json; charset=utf-8
host: localhost:57005
accept: */*

Response DefaultHttpResponse(decodeResult: success, version: HTTP/1.1)
HTTP/1.1 200 OK
content-type: application/json; charset=utf-8
cache-control: no-cache
date: Thu, 07 Apr 2022 16:26:10 GMT
content-length: 88

17:26:10.704 [AsyncHttpClient-1-6] DEBUG org.asynchttpclient.netty.channel.ChannelManager - Adding key: http://localhost:57005 for channel [id: 0x1b659b0c, L:/127.0.0.1:53746 - R:localhost/127.0.0.1:57005]
17:26:10.709 [Forwarding sendKeysToElement on session fc3e14c8-864e-4485-8eb4-a2d69624e9f6 to remote] DEBUG org.asynchttpclient.netty.request.NettyRequestSender - Using pooled Channel '[id: 0x1b659b0c, L:/127.0.0.1:53746 - R:localhost/127.0.0.1:57005]' for 'POST' to 'http://localhost:57005/session/fc3e14c8-864e-4485-8eb4-a2d69624e9f6/element/4495aab2-2d85-4824-97a7-e8dce7ce58f5/value'
17:26:10.709 [Forwarding sendKeysToElement on session fc3e14c8-864e-4485-8eb4-a2d69624e9f6 to remote] DEBUG org.asynchttpclient.netty.request.NettyRequestSender - Using open Channel [id: 0x1b659b0c, L:/127.0.0.1:53746 - R:localhost/127.0.0.1:57005] for POST '/session/fc3e14c8-864e-4485-8eb4-a2d69624e9f6/element/4495aab2-2d85-4824-97a7-e8dce7ce58f5/value'
17:26:10.731 [AsyncHttpClient-1-6] DEBUG org.asynchttpclient.netty.handler.HttpHandler - 

Request DefaultHttpRequest(decodeResult: success, version: HTTP/1.1)
POST /session/fc3e14c8-864e-4485-8eb4-a2d69624e9f6/element/4495aab2-2d85-4824-97a7-e8dce7ce58f5/value HTTP/1.1
User-Agent: selenium/4.1.2 (java unix)
Content-Length: 171
Content-Type: application/json; charset=utf-8
host: localhost:57005
accept: */*

Response DefaultHttpResponse(decodeResult: success, version: HTTP/1.1)
HTTP/1.1 200 OK
content-type: application/json; charset=utf-8
cache-control: no-cache
date: Thu, 07 Apr 2022 16:26:10 GMT
content-length: 14

17:26:10.731 [AsyncHttpClient-1-6] DEBUG org.asynchttpclient.netty.channel.ChannelManager - Adding key: http://localhost:57005 for channel [id: 0x1b659b0c, L:/127.0.0.1:53746 - R:localhost/127.0.0.1:57005]
17:26:10.735 [Forwarding findElement on session fc3e14c8-864e-4485-8eb4-a2d69624e9f6 to remote] DEBUG org.asynchttpclient.netty.request.NettyRequestSender - Using pooled Channel '[id: 0x1b659b0c, L:/127.0.0.1:53746 - R:localhost/127.0.0.1:57005]' for 'POST' to 'http://localhost:57005/session/fc3e14c8-864e-4485-8eb4-a2d69624e9f6/element'
17:26:10.735 [Forwarding findElement on session fc3e14c8-864e-4485-8eb4-a2d69624e9f6 to remote] DEBUG org.asynchttpclient.netty.request.NettyRequestSender - Using open Channel [id: 0x1b659b0c, L:/127.0.0.1:53746 - R:localhost/127.0.0.1:57005] for POST '/session/fc3e14c8-864e-4485-8eb4-a2d69624e9f6/element'
17:26:10.743 [AsyncHttpClient-1-6] DEBUG org.asynchttpclient.netty.handler.HttpHandler - 

Request DefaultHttpRequest(decodeResult: success, version: HTTP/1.1)
POST /session/fc3e14c8-864e-4485-8eb4-a2d69624e9f6/element HTTP/1.1
User-Agent: selenium/4.1.2 (java unix)
Content-Length: 60
Content-Type: application/json; charset=utf-8
host: localhost:57005
accept: */*

Response DefaultHttpResponse(decodeResult: success, version: HTTP/1.1)
HTTP/1.1 200 OK
content-type: application/json; charset=utf-8
cache-control: no-cache
date: Thu, 07 Apr 2022 16:26:10 GMT
content-length: 88

17:26:10.744 [AsyncHttpClient-1-6] DEBUG org.asynchttpclient.netty.channel.ChannelManager - Adding key: http://localhost:57005 for channel [id: 0x1b659b0c, L:/127.0.0.1:53746 - R:localhost/127.0.0.1:57005]
17:26:10.748 [Forwarding clickElement on session fc3e14c8-864e-4485-8eb4-a2d69624e9f6 to remote] DEBUG org.asynchttpclient.netty.request.NettyRequestSender - Using pooled Channel '[id: 0x1b659b0c, L:/127.0.0.1:53746 - R:localhost/127.0.0.1:57005]' for 'POST' to 'http://localhost:57005/session/fc3e14c8-864e-4485-8eb4-a2d69624e9f6/element/f7c8e8a5-2134-46a4-8dd2-a99746954d7c/click'
17:26:10.748 [Forwarding clickElement on session fc3e14c8-864e-4485-8eb4-a2d69624e9f6 to remote] DEBUG org.asynchttpclient.netty.request.NettyRequestSender - Using open Channel [id: 0x1b659b0c, L:/127.0.0.1:53746 - R:localhost/127.0.0.1:57005] for POST '/session/fc3e14c8-864e-4485-8eb4-a2d69624e9f6/element/f7c8e8a5-2134-46a4-8dd2-a99746954d7c/click'
17:26:10.974 [AsyncHttpClient-1-6] DEBUG org.asynchttpclient.netty.handler.HttpHandler - 

Request DefaultHttpRequest(decodeResult: success, version: HTTP/1.1)
POST /session/fc3e14c8-864e-4485-8eb4-a2d69624e9f6/element/f7c8e8a5-2134-46a4-8dd2-a99746954d7c/click HTTP/1.1
User-Agent: selenium/4.1.2 (java unix)
Content-Length: 50
Content-Type: application/json; charset=utf-8
host: localhost:57005
accept: */*

Response DefaultHttpResponse(decodeResult: success, version: HTTP/1.1)
HTTP/1.1 200 OK
content-type: application/json; charset=utf-8
cache-control: no-cache
date: Thu, 07 Apr 2022 16:26:10 GMT
content-length: 14

17:26:10.975 [AsyncHttpClient-1-6] DEBUG org.asynchttpclient.netty.channel.ChannelManager - Adding key: http://localhost:57005 for channel [id: 0x1b659b0c, L:/127.0.0.1:53746 - R:localhost/127.0.0.1:57005]
17:26:10.980 [Forwarding findElement on session fc3e14c8-864e-4485-8eb4-a2d69624e9f6 to remote] DEBUG org.asynchttpclient.netty.request.NettyRequestSender - Using pooled Channel '[id: 0x1b659b0c, L:/127.0.0.1:53746 - R:localhost/127.0.0.1:57005]' for 'POST' to 'http://localhost:57005/session/fc3e14c8-864e-4485-8eb4-a2d69624e9f6/element'
17:26:10.980 [Forwarding findElement on session fc3e14c8-864e-4485-8eb4-a2d69624e9f6 to remote] DEBUG org.asynchttpclient.netty.request.NettyRequestSender - Using open Channel [id: 0x1b659b0c, L:/127.0.0.1:53746 - R:localhost/127.0.0.1:57005] for POST '/session/fc3e14c8-864e-4485-8eb4-a2d69624e9f6/element'
17:26:10.988 [AsyncHttpClient-1-6] DEBUG org.asynchttpclient.netty.handler.HttpHandler - 

Request DefaultHttpRequest(decodeResult: success, version: HTTP/1.1)
POST /session/fc3e14c8-864e-4485-8eb4-a2d69624e9f6/element HTTP/1.1
User-Agent: selenium/4.1.2 (java unix)
Content-Length: 60
Content-Type: application/json; charset=utf-8
host: localhost:57005
accept: */*

Response DefaultHttpResponse(decodeResult: success, version: HTTP/1.1)
HTTP/1.1 200 OK
content-type: application/json; charset=utf-8
cache-control: no-cache
date: Thu, 07 Apr 2022 16:26:10 GMT
content-length: 88

17:26:10.989 [AsyncHttpClient-1-6] DEBUG org.asynchttpclient.netty.channel.ChannelManager - Adding key: http://localhost:57005 for channel [id: 0x1b659b0c, L:/127.0.0.1:53746 - R:localhost/127.0.0.1:57005]
17:26:10.994 [Forwarding sendKeysToElement on session fc3e14c8-864e-4485-8eb4-a2d69624e9f6 to remote] DEBUG org.asynchttpclient.netty.request.NettyRequestSender - Using pooled Channel '[id: 0x1b659b0c, L:/127.0.0.1:53746 - R:localhost/127.0.0.1:57005]' for 'POST' to 'http://localhost:57005/session/fc3e14c8-864e-4485-8eb4-a2d69624e9f6/element/f7c8e8a5-2134-46a4-8dd2-a99746954d7c/value'
17:26:10.994 [Forwarding sendKeysToElement on session fc3e14c8-864e-4485-8eb4-a2d69624e9f6 to remote] DEBUG org.asynchttpclient.netty.request.NettyRequestSender - Using open Channel [id: 0x1b659b0c, L:/127.0.0.1:53746 - R:localhost/127.0.0.1:57005] for POST '/session/fc3e14c8-864e-4485-8eb4-a2d69624e9f6/element/f7c8e8a5-2134-46a4-8dd2-a99746954d7c/value'
17:26:11.007 [AsyncHttpClient-1-6] DEBUG org.asynchttpclient.netty.handler.HttpHandler - 

Request DefaultHttpRequest(decodeResult: success, version: HTTP/1.1)
POST /session/fc3e14c8-864e-4485-8eb4-a2d69624e9f6/element/f7c8e8a5-2134-46a4-8dd2-a99746954d7c/value HTTP/1.1
User-Agent: selenium/4.1.2 (java unix)
Content-Length: 101
Content-Type: application/json; charset=utf-8
host: localhost:57005
accept: */*

Response DefaultHttpResponse(decodeResult: success, version: HTTP/1.1)
HTTP/1.1 200 OK
content-type: application/json; charset=utf-8
cache-control: no-cache
date: Thu, 07 Apr 2022 16:26:10 GMT
content-length: 14

17:26:11.008 [AsyncHttpClient-1-6] DEBUG org.asynchttpclient.netty.channel.ChannelManager - Adding key: http://localhost:57005 for channel [id: 0x1b659b0c, L:/127.0.0.1:53746 - R:localhost/127.0.0.1:57005]
17:26:11.013 [Forwarding findElement on session fc3e14c8-864e-4485-8eb4-a2d69624e9f6 to remote] DEBUG org.asynchttpclient.netty.request.NettyRequestSender - Using pooled Channel '[id: 0x1b659b0c, L:/127.0.0.1:53746 - R:localhost/127.0.0.1:57005]' for 'POST' to 'http://localhost:57005/session/fc3e14c8-864e-4485-8eb4-a2d69624e9f6/element'
17:26:11.013 [Forwarding findElement on session fc3e14c8-864e-4485-8eb4-a2d69624e9f6 to remote] DEBUG org.asynchttpclient.netty.request.NettyRequestSender - Using open Channel [id: 0x1b659b0c, L:/127.0.0.1:53746 - R:localhost/127.0.0.1:57005] for POST '/session/fc3e14c8-864e-4485-8eb4-a2d69624e9f6/element'
17:26:11.021 [AsyncHttpClient-1-6] DEBUG org.asynchttpclient.netty.handler.HttpHandler - 

Request DefaultHttpRequest(decodeResult: success, version: HTTP/1.1)
POST /session/fc3e14c8-864e-4485-8eb4-a2d69624e9f6/element HTTP/1.1
User-Agent: selenium/4.1.2 (java unix)
Content-Length: 59
Content-Type: application/json; charset=utf-8
host: localhost:57005
accept: */*

Response DefaultHttpResponse(decodeResult: success, version: HTTP/1.1)
HTTP/1.1 200 OK
content-type: application/json; charset=utf-8
cache-control: no-cache
date: Thu, 07 Apr 2022 16:26:11 GMT
content-length: 88

17:26:11.022 [AsyncHttpClient-1-6] DEBUG org.asynchttpclient.netty.channel.ChannelManager - Adding key: http://localhost:57005 for channel [id: 0x1b659b0c, L:/127.0.0.1:53746 - R:localhost/127.0.0.1:57005]
17:26:11.026 [Forwarding clickElement on session fc3e14c8-864e-4485-8eb4-a2d69624e9f6 to remote] DEBUG org.asynchttpclient.netty.request.NettyRequestSender - Using pooled Channel '[id: 0x1b659b0c, L:/127.0.0.1:53746 - R:localhost/127.0.0.1:57005]' for 'POST' to 'http://localhost:57005/session/fc3e14c8-864e-4485-8eb4-a2d69624e9f6/element/2cc1e687-e34e-490e-bfbd-65f03792e238/click'
17:26:11.027 [Forwarding clickElement on session fc3e14c8-864e-4485-8eb4-a2d69624e9f6 to remote] DEBUG org.asynchttpclient.netty.request.NettyRequestSender - Using open Channel [id: 0x1b659b0c, L:/127.0.0.1:53746 - R:localhost/127.0.0.1:57005] for POST '/session/fc3e14c8-864e-4485-8eb4-a2d69624e9f6/element/2cc1e687-e34e-490e-bfbd-65f03792e238/click'
17:26:11.129 [AsyncHttpClient-1-1] DEBUG org.asynchttpclient.netty.channel.DefaultChannelPool - Entry count for : http://localhost:40525 : 1
17:26:11.129 [AsyncHttpClient-1-1] DEBUG org.asynchttpclient.netty.channel.DefaultChannelPool - Entry count for : http://localhost:58583 : 1
17:26:11.258 [AsyncHttpClient-1-6] DEBUG org.asynchttpclient.netty.handler.HttpHandler - 

Request DefaultHttpRequest(decodeResult: success, version: HTTP/1.1)
POST /session/fc3e14c8-864e-4485-8eb4-a2d69624e9f6/element/2cc1e687-e34e-490e-bfbd-65f03792e238/click HTTP/1.1
User-Agent: selenium/4.1.2 (java unix)
Content-Length: 50
Content-Type: application/json; charset=utf-8
host: localhost:57005
accept: */*

Response DefaultHttpResponse(decodeResult: success, version: HTTP/1.1)
HTTP/1.1 200 OK
content-type: application/json; charset=utf-8
cache-control: no-cache
date: Thu, 07 Apr 2022 16:26:11 GMT
content-length: 14

17:26:11.259 [AsyncHttpClient-1-6] DEBUG org.asynchttpclient.netty.channel.ChannelManager - Adding key: http://localhost:57005 for channel [id: 0x1b659b0c, L:/127.0.0.1:53746 - R:localhost/127.0.0.1:57005]
17:26:11.264 [Forwarding findElement on session fc3e14c8-864e-4485-8eb4-a2d69624e9f6 to remote] DEBUG org.asynchttpclient.netty.request.NettyRequestSender - Using pooled Channel '[id: 0x1b659b0c, L:/127.0.0.1:53746 - R:localhost/127.0.0.1:57005]' for 'POST' to 'http://localhost:57005/session/fc3e14c8-864e-4485-8eb4-a2d69624e9f6/element'
17:26:11.264 [Forwarding findElement on session fc3e14c8-864e-4485-8eb4-a2d69624e9f6 to remote] DEBUG org.asynchttpclient.netty.request.NettyRequestSender - Using open Channel [id: 0x1b659b0c, L:/127.0.0.1:53746 - R:localhost/127.0.0.1:57005] for POST '/session/fc3e14c8-864e-4485-8eb4-a2d69624e9f6/element'
17:26:11.271 [AsyncHttpClient-1-6] DEBUG org.asynchttpclient.netty.handler.HttpHandler - 

Request DefaultHttpRequest(decodeResult: success, version: HTTP/1.1)
POST /session/fc3e14c8-864e-4485-8eb4-a2d69624e9f6/element HTTP/1.1
User-Agent: selenium/4.1.2 (java unix)
Content-Length: 59
Content-Type: application/json; charset=utf-8
host: localhost:57005
accept: */*

Response DefaultHttpResponse(decodeResult: success, version: HTTP/1.1)
HTTP/1.1 200 OK
content-type: application/json; charset=utf-8
cache-control: no-cache
date: Thu, 07 Apr 2022 16:26:11 GMT
content-length: 88

17:26:11.272 [AsyncHttpClient-1-6] DEBUG org.asynchttpclient.netty.channel.ChannelManager - Adding key: http://localhost:57005 for channel [id: 0x1b659b0c, L:/127.0.0.1:53746 - R:localhost/127.0.0.1:57005]
17:26:11.276 [Forwarding sendKeysToElement on session fc3e14c8-864e-4485-8eb4-a2d69624e9f6 to remote] DEBUG org.asynchttpclient.netty.request.NettyRequestSender - Using pooled Channel '[id: 0x1b659b0c, L:/127.0.0.1:53746 - R:localhost/127.0.0.1:57005]' for 'POST' to 'http://localhost:57005/session/fc3e14c8-864e-4485-8eb4-a2d69624e9f6/element/2cc1e687-e34e-490e-bfbd-65f03792e238/value'
17:26:11.277 [Forwarding sendKeysToElement on session fc3e14c8-864e-4485-8eb4-a2d69624e9f6 to remote] DEBUG org.asynchttpclient.netty.request.NettyRequestSender - Using open Channel [id: 0x1b659b0c, L:/127.0.0.1:53746 - R:localhost/127.0.0.1:57005] for POST '/session/fc3e14c8-864e-4485-8eb4-a2d69624e9f6/element/2cc1e687-e34e-490e-bfbd-65f03792e238/value'
17:26:11.294 [AsyncHttpClient-1-6] DEBUG org.asynchttpclient.netty.handler.HttpHandler - 

Request DefaultHttpRequest(decodeResult: success, version: HTTP/1.1)
POST /session/fc3e14c8-864e-4485-8eb4-a2d69624e9f6/element/2cc1e687-e34e-490e-bfbd-65f03792e238/value HTTP/1.1
User-Agent: selenium/4.1.2 (java unix)
Content-Length: 121
Content-Type: application/json; charset=utf-8
host: localhost:57005
accept: */*

Response DefaultHttpResponse(decodeResult: success, version: HTTP/1.1)
HTTP/1.1 200 OK
content-type: application/json; charset=utf-8
cache-control: no-cache
date: Thu, 07 Apr 2022 16:26:11 GMT
content-length: 14

17:26:11.295 [AsyncHttpClient-1-6] DEBUG org.asynchttpclient.netty.channel.ChannelManager - Adding key: http://localhost:57005 for channel [id: 0x1b659b0c, L:/127.0.0.1:53746 - R:localhost/127.0.0.1:57005]
17:26:11.300 [Forwarding findElement on session fc3e14c8-864e-4485-8eb4-a2d69624e9f6 to remote] DEBUG org.asynchttpclient.netty.request.NettyRequestSender - Using pooled Channel '[id: 0x1b659b0c, L:/127.0.0.1:53746 - R:localhost/127.0.0.1:57005]' for 'POST' to 'http://localhost:57005/session/fc3e14c8-864e-4485-8eb4-a2d69624e9f6/element'
17:26:11.301 [Forwarding findElement on session fc3e14c8-864e-4485-8eb4-a2d69624e9f6 to remote] DEBUG org.asynchttpclient.netty.request.NettyRequestSender - Using open Channel [id: 0x1b659b0c, L:/127.0.0.1:53746 - R:localhost/127.0.0.1:57005] for POST '/session/fc3e14c8-864e-4485-8eb4-a2d69624e9f6/element'
17:26:11.308 [AsyncHttpClient-1-6] DEBUG org.asynchttpclient.netty.handler.HttpHandler - 

Request DefaultHttpRequest(decodeResult: success, version: HTTP/1.1)
POST /session/fc3e14c8-864e-4485-8eb4-a2d69624e9f6/element HTTP/1.1
User-Agent: selenium/4.1.2 (java unix)
Content-Length: 55
Content-Type: application/json; charset=utf-8
host: localhost:57005
accept: */*

Response DefaultHttpResponse(decodeResult: success, version: HTTP/1.1)
HTTP/1.1 200 OK
content-type: application/json; charset=utf-8
cache-control: no-cache
date: Thu, 07 Apr 2022 16:26:11 GMT
content-length: 88

17:26:11.309 [AsyncHttpClient-1-6] DEBUG org.asynchttpclient.netty.channel.ChannelManager - Adding key: http://localhost:57005 for channel [id: 0x1b659b0c, L:/127.0.0.1:53746 - R:localhost/127.0.0.1:57005]
17:26:11.312 [Forwarding clickElement on session fc3e14c8-864e-4485-8eb4-a2d69624e9f6 to remote] DEBUG org.asynchttpclient.netty.request.NettyRequestSender - Using pooled Channel '[id: 0x1b659b0c, L:/127.0.0.1:53746 - R:localhost/127.0.0.1:57005]' for 'POST' to 'http://localhost:57005/session/fc3e14c8-864e-4485-8eb4-a2d69624e9f6/element/c13208c1-607b-47eb-a9de-d59ce3e19d45/click'
17:26:11.313 [Forwarding clickElement on session fc3e14c8-864e-4485-8eb4-a2d69624e9f6 to remote] DEBUG org.asynchttpclient.netty.request.NettyRequestSender - Using open Channel [id: 0x1b659b0c, L:/127.0.0.1:53746 - R:localhost/127.0.0.1:57005] for POST '/session/fc3e14c8-864e-4485-8eb4-a2d69624e9f6/element/c13208c1-607b-47eb-a9de-d59ce3e19d45/click'
17:26:11.538 [AsyncHttpClient-1-6] DEBUG org.asynchttpclient.netty.handler.HttpHandler - 

Request DefaultHttpRequest(decodeResult: success, version: HTTP/1.1)
POST /session/fc3e14c8-864e-4485-8eb4-a2d69624e9f6/element/c13208c1-607b-47eb-a9de-d59ce3e19d45/click HTTP/1.1
User-Agent: selenium/4.1.2 (java unix)
Content-Length: 50
Content-Type: application/json; charset=utf-8
host: localhost:57005
accept: */*

Response DefaultHttpResponse(decodeResult: success, version: HTTP/1.1)
HTTP/1.1 200 OK
content-type: application/json; charset=utf-8
cache-control: no-cache
date: Thu, 07 Apr 2022 16:26:11 GMT
content-length: 14

17:26:11.539 [AsyncHttpClient-1-6] DEBUG org.asynchttpclient.netty.channel.ChannelManager - Adding key: http://localhost:57005 for channel [id: 0x1b659b0c, L:/127.0.0.1:53746 - R:localhost/127.0.0.1:57005]
17:26:11.543 [Forwarding findElement on session fc3e14c8-864e-4485-8eb4-a2d69624e9f6 to remote] DEBUG org.asynchttpclient.netty.request.NettyRequestSender - Using pooled Channel '[id: 0x1b659b0c, L:/127.0.0.1:53746 - R:localhost/127.0.0.1:57005]' for 'POST' to 'http://localhost:57005/session/fc3e14c8-864e-4485-8eb4-a2d69624e9f6/element'
17:26:11.544 [Forwarding findElement on session fc3e14c8-864e-4485-8eb4-a2d69624e9f6 to remote] DEBUG org.asynchttpclient.netty.request.NettyRequestSender - Using open Channel [id: 0x1b659b0c, L:/127.0.0.1:53746 - R:localhost/127.0.0.1:57005] for POST '/session/fc3e14c8-864e-4485-8eb4-a2d69624e9f6/element'
17:26:11.552 [AsyncHttpClient-1-6] DEBUG org.asynchttpclient.netty.handler.HttpHandler - 

Request DefaultHttpRequest(decodeResult: success, version: HTTP/1.1)
POST /session/fc3e14c8-864e-4485-8eb4-a2d69624e9f6/element HTTP/1.1
User-Agent: selenium/4.1.2 (java unix)
Content-Length: 55
Content-Type: application/json; charset=utf-8
host: localhost:57005
accept: */*

Response DefaultHttpResponse(decodeResult: success, version: HTTP/1.1)
HTTP/1.1 200 OK
content-type: application/json; charset=utf-8
cache-control: no-cache
date: Thu, 07 Apr 2022 16:26:11 GMT
content-length: 88

17:26:11.553 [AsyncHttpClient-1-6] DEBUG org.asynchttpclient.netty.channel.ChannelManager - Adding key: http://localhost:57005 for channel [id: 0x1b659b0c, L:/127.0.0.1:53746 - R:localhost/127.0.0.1:57005]
17:26:11.557 [Forwarding sendKeysToElement on session fc3e14c8-864e-4485-8eb4-a2d69624e9f6 to remote] DEBUG org.asynchttpclient.netty.request.NettyRequestSender - Using pooled Channel '[id: 0x1b659b0c, L:/127.0.0.1:53746 - R:localhost/127.0.0.1:57005]' for 'POST' to 'http://localhost:57005/session/fc3e14c8-864e-4485-8eb4-a2d69624e9f6/element/c13208c1-607b-47eb-a9de-d59ce3e19d45/value'
17:26:11.558 [Forwarding sendKeysToElement on session fc3e14c8-864e-4485-8eb4-a2d69624e9f6 to remote] DEBUG org.asynchttpclient.netty.request.NettyRequestSender - Using open Channel [id: 0x1b659b0c, L:/127.0.0.1:53746 - R:localhost/127.0.0.1:57005] for POST '/session/fc3e14c8-864e-4485-8eb4-a2d69624e9f6/element/c13208c1-607b-47eb-a9de-d59ce3e19d45/value'
17:26:11.587 [AsyncHttpClient-1-6] DEBUG org.asynchttpclient.netty.handler.HttpHandler - 

Request DefaultHttpRequest(decodeResult: success, version: HTTP/1.1)
POST /session/fc3e14c8-864e-4485-8eb4-a2d69624e9f6/element/c13208c1-607b-47eb-a9de-d59ce3e19d45/value HTTP/1.1
User-Agent: selenium/4.1.2 (java unix)
Content-Length: 231
Content-Type: application/json; charset=utf-8
host: localhost:57005
accept: */*

Response DefaultHttpResponse(decodeResult: success, version: HTTP/1.1)
HTTP/1.1 200 OK
content-type: application/json; charset=utf-8
cache-control: no-cache
date: Thu, 07 Apr 2022 16:26:11 GMT
content-length: 14

17:26:11.587 [AsyncHttpClient-1-6] DEBUG org.asynchttpclient.netty.channel.ChannelManager - Adding key: http://localhost:57005 for channel [id: 0x1b659b0c, L:/127.0.0.1:53746 - R:localhost/127.0.0.1:57005]
17:26:11.591 [Forwarding findElement on session fc3e14c8-864e-4485-8eb4-a2d69624e9f6 to remote] DEBUG org.asynchttpclient.netty.request.NettyRequestSender - Using pooled Channel '[id: 0x1b659b0c, L:/127.0.0.1:53746 - R:localhost/127.0.0.1:57005]' for 'POST' to 'http://localhost:57005/session/fc3e14c8-864e-4485-8eb4-a2d69624e9f6/element'
17:26:11.591 [Forwarding findElement on session fc3e14c8-864e-4485-8eb4-a2d69624e9f6 to remote] DEBUG org.asynchttpclient.netty.request.NettyRequestSender - Using open Channel [id: 0x1b659b0c, L:/127.0.0.1:53746 - R:localhost/127.0.0.1:57005] for POST '/session/fc3e14c8-864e-4485-8eb4-a2d69624e9f6/element'
17:26:11.600 [AsyncHttpClient-1-6] DEBUG org.asynchttpclient.netty.handler.HttpHandler - 

Request DefaultHttpRequest(decodeResult: success, version: HTTP/1.1)
POST /session/fc3e14c8-864e-4485-8eb4-a2d69624e9f6/element HTTP/1.1
User-Agent: selenium/4.1.2 (java unix)
Content-Length: 56
Content-Type: application/json; charset=utf-8
host: localhost:57005
accept: */*

Response DefaultHttpResponse(decodeResult: success, version: HTTP/1.1)
HTTP/1.1 200 OK
content-type: application/json; charset=utf-8
cache-control: no-cache
date: Thu, 07 Apr 2022 16:26:11 GMT
content-length: 88

17:26:11.601 [AsyncHttpClient-1-6] DEBUG org.asynchttpclient.netty.channel.ChannelManager - Adding key: http://localhost:57005 for channel [id: 0x1b659b0c, L:/127.0.0.1:53746 - R:localhost/127.0.0.1:57005]
17:26:11.606 [Forwarding clickElement on session fc3e14c8-864e-4485-8eb4-a2d69624e9f6 to remote] DEBUG org.asynchttpclient.netty.request.NettyRequestSender - Using pooled Channel '[id: 0x1b659b0c, L:/127.0.0.1:53746 - R:localhost/127.0.0.1:57005]' for 'POST' to 'http://localhost:57005/session/fc3e14c8-864e-4485-8eb4-a2d69624e9f6/element/a75793e7-c1c2-4e1d-a574-bc6a28065834/click'
17:26:11.606 [Forwarding clickElement on session fc3e14c8-864e-4485-8eb4-a2d69624e9f6 to remote] DEBUG org.asynchttpclient.netty.request.NettyRequestSender - Using open Channel [id: 0x1b659b0c, L:/127.0.0.1:53746 - R:localhost/127.0.0.1:57005] for POST '/session/fc3e14c8-864e-4485-8eb4-a2d69624e9f6/element/a75793e7-c1c2-4e1d-a574-bc6a28065834/click'
17:26:12.228 [AsyncHttpClient-1-1] DEBUG org.asynchttpclient.netty.channel.DefaultChannelPool - Entry count for : http://localhost:40525 : 1
17:26:12.229 [AsyncHttpClient-1-1] DEBUG org.asynchttpclient.netty.channel.DefaultChannelPool - Entry count for : http://localhost:58583 : 1
17:26:12.486 [AsyncHttpClient-1-6] DEBUG org.asynchttpclient.netty.handler.HttpHandler - 

Request DefaultHttpRequest(decodeResult: success, version: HTTP/1.1)
POST /session/fc3e14c8-864e-4485-8eb4-a2d69624e9f6/element/a75793e7-c1c2-4e1d-a574-bc6a28065834/click HTTP/1.1
User-Agent: selenium/4.1.2 (java unix)
Content-Length: 50
Content-Type: application/json; charset=utf-8
host: localhost:57005
accept: */*

Response DefaultHttpResponse(decodeResult: success, version: HTTP/1.1)
HTTP/1.1 200 OK
content-type: application/json; charset=utf-8
cache-control: no-cache
date: Thu, 07 Apr 2022 16:26:11 GMT
content-length: 14

17:26:12.486 [AsyncHttpClient-1-6] DEBUG org.asynchttpclient.netty.channel.ChannelManager - Adding key: http://localhost:57005 for channel [id: 0x1b659b0c, L:/127.0.0.1:53746 - R:localhost/127.0.0.1:57005]
]]></system-out>
    <system-err><![CDATA[1649348764595	geckodriver	INFO	Listening on 127.0.0.1:57005
1649348764667	mozrunner::runner	INFO	Running command: "/usr/lib/firefox/firefox" "--marionette" "--remote-debugging-port" "40882" "-no-remote" "-profile" "/tmp/rust_mozprofileMiWHGZ"
1649348765596	Marionette	INFO	Marionette enabled
console.warn: SearchSettings: "get: No settings file exists, new profile?" (new NotFoundError("Could not open the file at /tmp/rust_mozprofileMiWHGZ/search.json.mozlz4", (void 0)))
JavaScript error: resource://gre/modules/TelemetryUtils.jsm, line 154: TypeError: date is undefined
DevTools listening on ws://localhost:40882/devtools/browser/87abe7ce-6c2d-4046-a75b-d09547bd749b
1649348767201	Marionette	INFO	Listening on port 46359
1649348767287	RemoteAgent	WARN	TLS certificate errors will be ignored for this session
abr 07, 2022 5:26:07 DA TARDE org.openqa.selenium.remote.ProtocolHandshake createSession
INFO: Detected dialect: W3C
JavaScript error: https://blazedemo.com/assets/bootstrap.min.js, line 7: TypeError: a is not a function
JavaScript error: https://blazedemo.com/assets/bootstrap-table.js, line 1126: ReferenceError: jQuery is not defined
JavaScript error: https://blazedemo.com/assets/bootstrap.min.js, line 7: TypeError: a is not a function
JavaScript error: https://blazedemo.com/assets/bootstrap-table.js, line 1126: ReferenceError: jQuery is not defined
]]></system-err>
  </testcase>
</testsuite>